<?xml version="1.0" encoding="UTF-8"?>
<Site BuildName="(empty)"
	BuildStamp="20231026-2059-Experimental"
	Name="(empty)"
	Generator="ctest-3.25.1"
	CompilerName=""
	CompilerVersion=""
	OSName="Linux"
	Hostname="yo"
	OSRelease="6.2.0-35-generic"
	OSVersion="#35-Ubuntu SMP PREEMPT_DYNAMIC Tue Oct  3 13:14:56 UTC 2023"
	OSPlatform="x86_64"
	Is64Bits="1"
	VendorString="GenuineIntel"
	VendorID="Intel Corporation"
	FamilyID="6"
	ModelID="122"
	ProcessorCacheSize="4096"
	NumberOfLogicalCPU="2"
	NumberOfPhysicalCPU="2"
	TotalVirtualMemory="2047"
	TotalPhysicalMemory="15800"
	LogicalProcessorsPerPhysical="1"
	ProcessorClockFrequency="2686.25"
	>
	<Testing>
		<StartDateTime>Oct 27 00:57 +0330</StartDateTime>
		<StartTestTime>1698355631</StartTestTime>
		<TestList/>
		<EndDateTime>Oct 27 00:57 +0330</EndDateTime>
		<EndTestTime>1698355631</EndTestTime>
		<ElapsedMinutes>0</ElapsedMinutes>
	</Testing>
</Site>
